<?xml version="1.0" encoding="UTF-8"?>
<coverage generated="1558572291257" clover="3.2.0">
  <project timestamp="1558572291257" name="All files">
    <metrics statements="103" coveredstatements="89" conditionals="37" coveredconditionals="32" methods="44" coveredmethods="32" elements="184" coveredelements="153" complexity="0" loc="103" ncloc="103" packages="1" files="5" classes="5"/>
    <file name="Graphic.ts" path="D:\Devs\paper-vueify\src\model\Graphic.ts">
      <metrics statements="14" coveredstatements="12" conditionals="4" coveredconditionals="3" methods="6" coveredmethods="4"/>
      <line num="1" count="1" type="stmt"/>
      <line num="2" count="1" type="stmt"/>
      <line num="3" count="1" type="stmt"/>
      <line num="5" count="1" type="cond" truecount="2" falsecount="0"/>
      <line num="7" count="4" type="stmt"/>
      <line num="10" count="1" type="stmt"/>
      <line num="11" count="1" type="stmt"/>
      <line num="12" count="1" type="stmt"/>
      <line num="13" count="1" type="stmt"/>
      <line num="14" count="1" type="cond" truecount="1" falsecount="1"/>
      <line num="15" count="1" type="stmt"/>
      <line num="16" count="4" type="stmt"/>
      <line num="23" count="0" type="stmt"/>
      <line num="24" count="0" type="stmt"/>
    </file>
    <file name="IMap.ts" path="D:\Devs\paper-vueify\src\model\IMap.ts">
      <metrics statements="9" coveredstatements="9" conditionals="0" coveredconditionals="0" methods="5" coveredmethods="5"/>
      <line num="2" count="5" type="stmt"/>
      <line num="3" count="5" type="stmt"/>
      <line num="6" count="8" type="stmt"/>
      <line num="7" count="8" type="stmt"/>
      <line num="11" count="1" type="stmt"/>
      <line num="15" count="6" type="stmt"/>
      <line num="19" count="2" type="stmt"/>
      <line num="23" count="5" type="stmt"/>
      <line num="25" count="5" type="stmt"/>
    </file>
    <file name="Item.ts" path="D:\Devs\paper-vueify\src\model\Item.ts">
      <metrics statements="51" coveredstatements="41" conditionals="14" coveredconditionals="10" methods="25" coveredmethods="16"/>
      <line num="1" count="4" type="stmt"/>
      <line num="2" count="4" type="stmt"/>
      <line num="3" count="4" type="stmt"/>
      <line num="12" count="4" type="cond" truecount="4" falsecount="0"/>
      <line num="13" count="10" type="stmt"/>
      <line num="16" count="4" type="stmt"/>
      <line num="19" count="7" type="stmt"/>
      <line num="22" count="7" type="stmt"/>
      <line num="23" count="7" type="cond" truecount="1" falsecount="1"/>
      <line num="24" count="7" type="stmt"/>
      <line num="29" count="7" type="stmt"/>
      <line num="33" count="2" type="stmt"/>
      <line num="37" count="7" type="stmt"/>
      <line num="41" count="1" type="stmt"/>
      <line num="45" count="1" type="cond" truecount="1" falsecount="1"/>
      <line num="46" count="0" type="stmt"/>
      <line num="47" count="0" type="stmt"/>
      <line num="48" count="0" type="stmt"/>
      <line num="49" count="0" type="stmt"/>
      <line num="50" count="0" type="stmt"/>
      <line num="51" count="0" type="stmt"/>
      <line num="52" count="0" type="stmt"/>
      <line num="53" count="0" type="stmt"/>
      <line num="58" count="0" type="stmt"/>
      <line num="62" count="1" type="cond" truecount="3" falsecount="1"/>
      <line num="63" count="0" type="stmt"/>
      <line num="65" count="1" type="cond" truecount="1" falsecount="1"/>
      <line num="66" count="1" type="stmt"/>
      <line num="67" count="1" type="stmt"/>
      <line num="68" count="1" type="stmt"/>
      <line num="69" count="1" type="stmt"/>
      <line num="74" count="1" type="stmt"/>
      <line num="75" count="1" type="stmt"/>
      <line num="76" count="1" type="stmt"/>
      <line num="77" count="1" type="stmt"/>
      <line num="81" count="2" type="stmt"/>
      <line num="85" count="2" type="stmt"/>
      <line num="89" count="2" type="stmt"/>
      <line num="93" count="1" type="stmt"/>
      <line num="94" count="1" type="stmt"/>
      <line num="99" count="4" type="stmt"/>
      <line num="100" count="4" type="stmt"/>
      <line num="101" count="4" type="stmt"/>
      <line num="103" count="4" type="stmt"/>
      <line num="104" count="3" type="stmt"/>
      <line num="105" count="3" type="stmt"/>
      <line num="106" count="3" type="stmt"/>
      <line num="109" count="4" type="stmt"/>
      <line num="110" count="2" type="stmt"/>
      <line num="113" count="4" type="stmt"/>
      <line num="114" count="2" type="stmt"/>
    </file>
    <file name="Path.ts" path="D:\Devs\paper-vueify\src\model\Path.ts">
      <metrics statements="14" coveredstatements="14" conditionals="15" coveredconditionals="15" methods="4" coveredmethods="4"/>
      <line num="1" count="2" type="stmt"/>
      <line num="2" count="2" type="stmt"/>
      <line num="3" count="2" type="stmt"/>
      <line num="4" count="2" type="stmt"/>
      <line num="12" count="2" type="cond" truecount="2" falsecount="0"/>
      <line num="13" count="19" type="cond" truecount="4" falsecount="0"/>
      <line num="27" count="2" type="cond" truecount="3" falsecount="0"/>
      <line num="28" count="6" type="cond" truecount="2" falsecount="0"/>
      <line num="31" count="2" type="stmt"/>
      <line num="33" count="3" type="cond" truecount="2" falsecount="0"/>
      <line num="34" count="2" type="stmt"/>
      <line num="35" count="4" type="cond" truecount="2" falsecount="0"/>
      <line num="40" count="1" type="stmt"/>
      <line num="50" count="2" type="stmt"/>
    </file>
    <file name="Shape.ts" path="D:\Devs\paper-vueify\src\model\Shape.ts">
      <metrics statements="15" coveredstatements="13" conditionals="4" coveredconditionals="4" methods="4" coveredmethods="3"/>
      <line num="2" count="3" type="stmt"/>
      <line num="3" count="3" type="stmt"/>
      <line num="11" count="3" type="cond" truecount="4" falsecount="0"/>
      <line num="12" count="8" type="stmt"/>
      <line num="15" count="3" type="stmt"/>
      <line num="17" count="1" type="stmt"/>
      <line num="18" count="1" type="stmt"/>
      <line num="19" count="1" type="stmt"/>
      <line num="20" count="1" type="stmt"/>
      <line num="21" count="1" type="stmt"/>
      <line num="22" count="1" type="stmt"/>
      <line num="26" count="1" type="stmt"/>
      <line num="27" count="1" type="stmt"/>
      <line num="31" count="0" type="stmt"/>
      <line num="32" count="0" type="stmt"/>
    </file>
  </project>
</coverage>
