{"D:\\Devs\\paper-vueify\\src\\model\\Graphic.ts": {"path":"D:\\Devs\\paper-vueify\\src\\model\\Graphic.ts","statementMap":{"0":{"start":{"line":1,"column":0},"end":{"line":1,"column":25}},"1":{"start":{"line":2,"column":0},"end":{"line":2,"column":33}},"2":{"start":{"line":3,"column":0},"end":{"line":3,"column":73}},"3":{"start":{"line":5,"column":0},"end":{"line":5,"column":null}},"4":{"start":{"line":7,"column":4},"end":{"line":7,"column":null}},"5":{"start":{"line":11,"column":16},"end":{"line":11,"column":66}},"6":{"start":{"line":12,"column":17},"end":{"line":12,"column":37}},"7":{"start":{"line":13,"column":17},"end":{"line":13,"column":37}},"8":{"start":{"line":14,"column":4},"end":{"line":30,"column":null}},"9":{"start":{"line":15,"column":6},"end":{"line":21,"column":null}},"10":{"start":{"line":16,"column":41},"end":{"line":16,"column":55}},"11":{"start":{"line":23,"column":6},"end":{"line":29,"column":null}},"12":{"start":{"line":24,"column":42},"end":{"line":24,"column":107}},"13":{"start":{"line":24,"column":90},"end":{"line":24,"column":104}},"14":{"start":{"line":10,"column":18},"end":{"line":31,"column":null}}},"fnMap":{"0":{"name":"(anonymous_0)","decl":{"start":{"line":5,"column":0},"end":{"line":5,"column":17}},"loc":{"start":{"line":5,"column":30},"end":{"line":32,"column":1}}},"1":{"name":"FromSegment","decl":{"start":{"line":6,"column":11},"end":{"line":6,"column":22}},"loc":{"start":{"line":6,"column":45},"end":{"line":8,"column":3}}},"2":{"name":"From","decl":{"start":{"line":10,"column":18},"end":{"line":10,"column":22}},"loc":{"start":{"line":10,"column":43},"end":{"line":31,"column":3}}},"3":{"name":"(anonymous_3)","decl":{"start":{"line":16,"column":36},"end":{"line":16,"column":37}},"loc":{"start":{"line":16,"column":41},"end":{"line":16,"column":55}}},"4":{"name":"(anonymous_4)","decl":{"start":{"line":24,"column":36},"end":{"line":24,"column":37}},"loc":{"start":{"line":24,"column":42},"end":{"line":24,"column":107}}},"5":{"name":"(anonymous_5)","decl":{"start":{"line":24,"column":85},"end":{"line":24,"column":86}},"loc":{"start":{"line":24,"column":90},"end":{"line":24,"column":104}}}},"branchMap":{"0":{"loc":{"start":{"line":14,"column":4},"end":{"line":30,"column":null}},"type":"if","locations":[{"start":{"line":14,"column":4},"end":{"line":30,"column":null}},{"start":{"line":14,"column":4},"end":{"line":30,"column":null}}]},"1":{"loc":{"start":{"line":5,"column":17},"end":{"line":5,"column":30}},"type":"binary-expr","locations":[{"start":{"line":5,"column":17},"end":{"line":5,"column":30}},{"start":{"line":5,"column":17},"end":{"line":5,"column":null}}]}},"s":{"0":1,"1":1,"2":1,"3":1,"4":4,"5":1,"6":1,"7":1,"8":1,"9":1,"10":4,"11":0,"12":0,"13":0,"14":1},"f":{"0":1,"1":4,"2":1,"3":4,"4":0,"5":0},"b":{"0":[1,0],"1":[1,1]}}
,"D:\\Devs\\paper-vueify\\src\\model\\IMap.ts": {"path":"D:\\Devs\\paper-vueify\\src\\model\\IMap.ts","statementMap":{"0":{"start":{"line":2,"column":10},"end":{"line":2,"column":null}},"1":{"start":{"line":3,"column":10},"end":{"line":3,"column":null}},"2":{"start":{"line":6,"column":4},"end":{"line":6,"column":null}},"3":{"start":{"line":7,"column":4},"end":{"line":7,"column":null}},"4":{"start":{"line":11,"column":4},"end":{"line":11,"column":null}},"5":{"start":{"line":15,"column":4},"end":{"line":15,"column":null}},"6":{"start":{"line":19,"column":4},"end":{"line":19,"column":null}},"7":{"start":{"line":23,"column":14},"end":{"line":23,"column":24}},"8":{"start":{"line":25,"column":9},"end":{"line":25,"column":14}}},"fnMap":{"0":{"name":"(anonymous_0)","decl":{"start":{"line":1,"column":0},"end":{"line":1,"column":6}},"loc":{"start":{"line":1,"column":0},"end":{"line":21,"column":1}}},"1":{"name":"(anonymous_1)","decl":{"start":{"line":5,"column":2},"end":{"line":5,"column":5}},"loc":{"start":{"line":5,"column":15},"end":{"line":8,"column":3}}},"2":{"name":"(anonymous_2)","decl":{"start":{"line":10,"column":2},"end":{"line":10,"column":6}},"loc":{"start":{"line":10,"column":38},"end":{"line":12,"column":3}}},"3":{"name":"(anonymous_3)","decl":{"start":{"line":14,"column":2},"end":{"line":14,"column":5}},"loc":{"start":{"line":14,"column":28},"end":{"line":16,"column":3}}},"4":{"name":"(anonymous_4)","decl":{"start":{"line":18,"column":2},"end":{"line":18,"column":8}},"loc":{"start":{"line":18,"column":28},"end":{"line":20,"column":3}}}},"branchMap":{},"s":{"0":5,"1":5,"2":8,"3":8,"4":1,"5":6,"6":2,"7":5,"8":5},"f":{"0":5,"1":8,"2":1,"3":6,"4":2},"b":{}}
,"D:\\Devs\\paper-vueify\\src\\model\\Item.ts": {"path":"D:\\Devs\\paper-vueify\\src\\model\\Item.ts","statementMap":{"0":{"start":{"line":1,"column":0},"end":{"line":1,"column":25}},"1":{"start":{"line":2,"column":0},"end":{"line":2,"column":82}},"2":{"start":{"line":3,"column":0},"end":{"line":3,"column":30}},"3":{"start":{"line":13,"column":2},"end":{"line":13,"column":null}},"4":{"start":{"line":12,"column":0},"end":{"line":12,"column":16}},"5":{"start":{"line":19,"column":12},"end":{"line":19,"column":null}},"6":{"start":{"line":22,"column":4},"end":{"line":22,"column":null}},"7":{"start":{"line":23,"column":4},"end":{"line":25,"column":null}},"8":{"start":{"line":24,"column":6},"end":{"line":24,"column":null}},"9":{"start":{"line":29,"column":4},"end":{"line":29,"column":null}},"10":{"start":{"line":33,"column":4},"end":{"line":33,"column":null}},"11":{"start":{"line":37,"column":4},"end":{"line":37,"column":null}},"12":{"start":{"line":41,"column":4},"end":{"line":41,"column":null}},"13":{"start":{"line":45,"column":4},"end":{"line":54,"column":null}},"14":{"start":{"line":46,"column":6},"end":{"line":46,"column":null}},"15":{"start":{"line":46,"column":40},"end":{"line":46,"column":66}},"16":{"start":{"line":47,"column":6},"end":{"line":47,"column":null}},"17":{"start":{"line":47,"column":46},"end":{"line":47,"column":78}},"18":{"start":{"line":48,"column":6},"end":{"line":48,"column":null}},"19":{"start":{"line":48,"column":44},"end":{"line":48,"column":74}},"20":{"start":{"line":49,"column":6},"end":{"line":49,"column":null}},"21":{"start":{"line":49,"column":44},"end":{"line":49,"column":74}},"22":{"start":{"line":50,"column":6},"end":{"line":50,"column":null}},"23":{"start":{"line":50,"column":45},"end":{"line":50,"column":76}},"24":{"start":{"line":51,"column":6},"end":{"line":51,"column":null}},"25":{"start":{"line":51,"column":45},"end":{"line":51,"column":76}},"26":{"start":{"line":52,"column":6},"end":{"line":52,"column":null}},"27":{"start":{"line":52,"column":44},"end":{"line":52,"column":74}},"28":{"start":{"line":53,"column":6},"end":{"line":53,"column":null}},"29":{"start":{"line":53,"column":42},"end":{"line":53,"column":70}},"30":{"start":{"line":58,"column":4},"end":{"line":58,"column":null}},"31":{"start":{"line":62,"column":4},"end":{"line":64,"column":null}},"32":{"start":{"line":63,"column":6},"end":{"line":63,"column":null}},"33":{"start":{"line":65,"column":4},"end":{"line":70,"column":null}},"34":{"start":{"line":66,"column":6},"end":{"line":66,"column":null}},"35":{"start":{"line":67,"column":6},"end":{"line":67,"column":null}},"36":{"start":{"line":68,"column":6},"end":{"line":68,"column":null}},"37":{"start":{"line":69,"column":6},"end":{"line":69,"column":null}},"38":{"start":{"line":74,"column":4},"end":{"line":74,"column":null}},"39":{"start":{"line":75,"column":4},"end":{"line":75,"column":null}},"40":{"start":{"line":76,"column":4},"end":{"line":76,"column":null}},"41":{"start":{"line":77,"column":4},"end":{"line":77,"column":null}},"42":{"start":{"line":81,"column":4},"end":{"line":81,"column":null}},"43":{"start":{"line":85,"column":4},"end":{"line":85,"column":null}},"44":{"start":{"line":89,"column":4},"end":{"line":89,"column":null}},"45":{"start":{"line":93,"column":4},"end":{"line":93,"column":null}},"46":{"start":{"line":94,"column":4},"end":{"line":94,"column":null}},"47":{"start":{"line":16,"column":0},"end":{"line":16,"column":13}},"48":{"start":{"line":99,"column":16},"end":{"line":99,"column":17}},"49":{"start":{"line":100,"column":17},"end":{"line":100,"column":42}},"50":{"start":{"line":101,"column":22},"end":{"line":101,"column":53}},"51":{"start":{"line":104,"column":2},"end":{"line":104,"column":null}},"52":{"start":{"line":105,"column":2},"end":{"line":105,"column":null}},"53":{"start":{"line":106,"column":2},"end":{"line":106,"column":null}},"54":{"start":{"line":103,"column":0},"end":{"line":103,"column":16}},"55":{"start":{"line":110,"column":2},"end":{"line":110,"column":null}},"56":{"start":{"line":109,"column":0},"end":{"line":109,"column":16}},"57":{"start":{"line":114,"column":2},"end":{"line":114,"column":null}},"58":{"start":{"line":113,"column":0},"end":{"line":113,"column":16}}},"fnMap":{"0":{"name":"PaperItem","decl":{"start":{"line":12,"column":16},"end":{"line":12,"column":25}},"loc":{"start":{"line":12,"column":129},"end":{"line":14,"column":1}}},"1":{"name":"(anonymous_1)","decl":{"start":{"line":21,"column":2},"end":{"line":21,"column":null}},"loc":{"start":{"line":21,"column":2},"end":{"line":26,"column":3}}},"2":{"name":"(anonymous_2)","decl":{"start":{"line":28,"column":12},"end":{"line":28,"column":22}},"loc":{"start":{"line":28,"column":22},"end":{"line":30,"column":3}}},"3":{"name":"(anonymous_3)","decl":{"start":{"line":32,"column":2},"end":{"line":32,"column":6}},"loc":{"start":{"line":32,"column":8},"end":{"line":34,"column":3}}},"4":{"name":"(anonymous_4)","decl":{"start":{"line":36,"column":2},"end":{"line":36,"column":6}},"loc":{"start":{"line":36,"column":12},"end":{"line":38,"column":3}}},"5":{"name":"(anonymous_5)","decl":{"start":{"line":40,"column":12},"end":{"line":40,"column":24}},"loc":{"start":{"line":40,"column":49},"end":{"line":42,"column":3}}},"6":{"name":"(anonymous_6)","decl":{"start":{"line":44,"column":12},"end":{"line":44,"column":16}},"loc":{"start":{"line":44,"column":16},"end":{"line":55,"column":3}}},"7":{"name":"(anonymous_7)","decl":{"start":{"line":46,"column":29},"end":{"line":46,"column":34}},"loc":{"start":{"line":46,"column":37},"end":{"line":46,"column":67}}},"8":{"name":"(anonymous_8)","decl":{"start":{"line":47,"column":35},"end":{"line":47,"column":40}},"loc":{"start":{"line":47,"column":43},"end":{"line":47,"column":79}}},"9":{"name":"(anonymous_9)","decl":{"start":{"line":48,"column":33},"end":{"line":48,"column":38}},"loc":{"start":{"line":48,"column":41},"end":{"line":48,"column":75}}},"10":{"name":"(anonymous_10)","decl":{"start":{"line":49,"column":33},"end":{"line":49,"column":38}},"loc":{"start":{"line":49,"column":41},"end":{"line":49,"column":75}}},"11":{"name":"(anonymous_11)","decl":{"start":{"line":50,"column":34},"end":{"line":50,"column":39}},"loc":{"start":{"line":50,"column":42},"end":{"line":50,"column":77}}},"12":{"name":"(anonymous_12)","decl":{"start":{"line":51,"column":34},"end":{"line":51,"column":39}},"loc":{"start":{"line":51,"column":42},"end":{"line":51,"column":77}}},"13":{"name":"(anonymous_13)","decl":{"start":{"line":52,"column":33},"end":{"line":52,"column":38}},"loc":{"start":{"line":52,"column":41},"end":{"line":52,"column":75}}},"14":{"name":"(anonymous_14)","decl":{"start":{"line":53,"column":31},"end":{"line":53,"column":36}},"loc":{"start":{"line":53,"column":39},"end":{"line":53,"column":71}}},"15":{"name":"(anonymous_15)","decl":{"start":{"line":57,"column":2},"end":{"line":57,"column":4}},"loc":{"start":{"line":57,"column":57},"end":{"line":59,"column":3}}},"16":{"name":"(anonymous_16)","decl":{"start":{"line":61,"column":12},"end":{"line":61,"column":25}},"loc":{"start":{"line":61,"column":51},"end":{"line":71,"column":3}}},"17":{"name":"(anonymous_17)","decl":{"start":{"line":73,"column":2},"end":{"line":73,"column":8}},"loc":{"start":{"line":73,"column":33},"end":{"line":78,"column":3}}},"18":{"name":"(anonymous_18)","decl":{"start":{"line":80,"column":2},"end":{"line":80,"column":18}},"loc":{"start":{"line":80,"column":47},"end":{"line":82,"column":3}}},"19":{"name":"(anonymous_19)","decl":{"start":{"line":84,"column":2},"end":{"line":84,"column":15}},"loc":{"start":{"line":84,"column":31},"end":{"line":86,"column":3}}},"20":{"name":"(anonymous_20)","decl":{"start":{"line":88,"column":2},"end":{"line":88,"column":15}},"loc":{"start":{"line":88,"column":32},"end":{"line":90,"column":3}}},"21":{"name":"(anonymous_21)","decl":{"start":{"line":92,"column":2},"end":{"line":92,"column":9}},"loc":{"start":{"line":92,"column":9},"end":{"line":95,"column":3}}},"22":{"name":"RegisterItemType","decl":{"start":{"line":103,"column":16},"end":{"line":103,"column":32}},"loc":{"start":{"line":103,"column":69},"end":{"line":107,"column":1}}},"23":{"name":"GetItemTypename","decl":{"start":{"line":109,"column":16},"end":{"line":109,"column":31}},"loc":{"start":{"line":109,"column":44},"end":{"line":111,"column":1}}},"24":{"name":"GetItemType","decl":{"start":{"line":113,"column":16},"end":{"line":113,"column":27}},"loc":{"start":{"line":113,"column":40},"end":{"line":115,"column":1}}}},"branchMap":{"0":{"loc":{"start":{"line":12,"column":127},"end":{"line":12,"column":129}},"type":"default-arg","locations":[{"start":{"line":12,"column":127},"end":{"line":12,"column":129}}]},"1":{"loc":{"start":{"line":12,"column":55},"end":{"line":12,"column":67}},"type":"default-arg","locations":[{"start":{"line":12,"column":55},"end":{"line":12,"column":67}}]},"2":{"loc":{"start":{"line":12,"column":79},"end":{"line":12,"column":80}},"type":"default-arg","locations":[{"start":{"line":12,"column":79},"end":{"line":12,"column":80}}]},"3":{"loc":{"start":{"line":12,"column":92},"end":{"line":12,"column":96}},"type":"default-arg","locations":[{"start":{"line":12,"column":92},"end":{"line":12,"column":96}}]},"4":{"loc":{"start":{"line":23,"column":4},"end":{"line":25,"column":null}},"type":"if","locations":[{"start":{"line":23,"column":4},"end":{"line":25,"column":null}},{"start":{"line":23,"column":4},"end":{"line":25,"column":null}}]},"5":{"loc":{"start":{"line":45,"column":4},"end":{"line":54,"column":null}},"type":"if","locations":[{"start":{"line":45,"column":4},"end":{"line":54,"column":null}},{"start":{"line":45,"column":4},"end":{"line":54,"column":null}}]},"6":{"loc":{"start":{"line":62,"column":4},"end":{"line":64,"column":null}},"type":"if","locations":[{"start":{"line":62,"column":4},"end":{"line":64,"column":null}},{"start":{"line":62,"column":4},"end":{"line":64,"column":null}}]},"7":{"loc":{"start":{"line":62,"column":8},"end":{"line":62,"column":21}},"type":"binary-expr","locations":[{"start":{"line":62,"column":8},"end":{"line":62,"column":21}},{"start":{"line":62,"column":25},"end":{"line":62,"column":45}}]},"8":{"loc":{"start":{"line":65,"column":4},"end":{"line":70,"column":null}},"type":"if","locations":[{"start":{"line":65,"column":4},"end":{"line":70,"column":null}},{"start":{"line":65,"column":4},"end":{"line":70,"column":null}}]}},"s":{"0":4,"1":4,"2":4,"3":10,"4":4,"5":7,"6":7,"7":7,"8":7,"9":7,"10":2,"11":7,"12":1,"13":1,"14":0,"15":0,"16":0,"17":0,"18":0,"19":0,"20":0,"21":0,"22":0,"23":0,"24":0,"25":0,"26":0,"27":0,"28":0,"29":0,"30":0,"31":1,"32":0,"33":1,"34":1,"35":1,"36":1,"37":1,"38":1,"39":1,"40":1,"41":1,"42":2,"43":2,"44":2,"45":1,"46":1,"47":4,"48":4,"49":4,"50":4,"51":3,"52":3,"53":3,"54":4,"55":2,"56":4,"57":2,"58":4},"f":{"0":10,"1":7,"2":7,"3":2,"4":7,"5":1,"6":1,"7":0,"8":0,"9":0,"10":0,"11":0,"12":0,"13":0,"14":0,"15":0,"16":1,"17":1,"18":2,"19":2,"20":2,"21":1,"22":3,"23":2,"24":2},"b":{"0":[2],"1":[10],"2":[10],"3":[10],"4":[7,0],"5":[0,1],"6":[0,1],"7":[1,1],"8":[1,0]}}
,"D:\\Devs\\paper-vueify\\src\\model\\Path.ts": {"path":"D:\\Devs\\paper-vueify\\src\\model\\Path.ts","statementMap":{"0":{"start":{"line":1,"column":0},"end":{"line":1,"column":25}},"1":{"start":{"line":2,"column":0},"end":{"line":2,"column":71}},"2":{"start":{"line":3,"column":0},"end":{"line":3,"column":59}},"3":{"start":{"line":4,"column":0},"end":{"line":4,"column":41}},"4":{"start":{"line":13,"column":2},"end":{"line":13,"column":null}},"5":{"start":{"line":12,"column":0},"end":{"line":12,"column":16}},"6":{"start":{"line":28,"column":2},"end":{"line":28,"column":null}},"7":{"start":{"line":27,"column":0},"end":{"line":27,"column":16}},"8":{"start":{"line":33,"column":4},"end":{"line":46,"column":null}},"9":{"start":{"line":34,"column":6},"end":{"line":38,"column":null}},"10":{"start":{"line":35,"column":44},"end":{"line":35,"column":179}},"11":{"start":{"line":40,"column":6},"end":{"line":45,"column":null}},"12":{"start":{"line":31,"column":0},"end":{"line":31,"column":13}},"13":{"start":{"line":50,"column":18},"end":{"line":50,"column":60}}},"fnMap":{"0":{"name":"Segment","decl":{"start":{"line":12,"column":16},"end":{"line":12,"column":23}},"loc":{"start":{"line":12,"column":139},"end":{"line":14,"column":1}}},"1":{"name":"PathItem","decl":{"start":{"line":27,"column":16},"end":{"line":27,"column":24}},"loc":{"start":{"line":27,"column":107},"end":{"line":29,"column":1}}},"2":{"name":"(anonymous_2)","decl":{"start":{"line":32,"column":2},"end":{"line":32,"column":14}},"loc":{"start":{"line":32,"column":38},"end":{"line":47,"column":3}}},"3":{"name":"(anonymous_3)","decl":{"start":{"line":35,"column":39},"end":{"line":35,"column":40}},"loc":{"start":{"line":35,"column":44},"end":{"line":35,"column":179}}}},"branchMap":{"0":{"loc":{"start":{"line":12,"column":45},"end":{"line":12,"column":56}},"type":"default-arg","locations":[{"start":{"line":12,"column":45},"end":{"line":12,"column":56}}]},"1":{"loc":{"start":{"line":12,"column":137},"end":{"line":12,"column":139}},"type":"default-arg","locations":[{"start":{"line":12,"column":137},"end":{"line":12,"column":139}}]},"2":{"loc":{"start":{"line":13,"column":28},"end":{"line":13,"column":36}},"type":"binary-expr","locations":[{"start":{"line":13,"column":28},"end":{"line":13,"column":36}},{"start":{"line":13,"column":40},"end":{"line":13,"column":51}}]},"3":{"loc":{"start":{"line":13,"column":64},"end":{"line":13,"column":73}},"type":"binary-expr","locations":[{"start":{"line":13,"column":64},"end":{"line":13,"column":73}},{"start":{"line":13,"column":77},"end":{"line":13,"column":88}}]},"4":{"loc":{"start":{"line":27,"column":105},"end":{"line":27,"column":107}},"type":"default-arg","locations":[{"start":{"line":27,"column":105},"end":{"line":27,"column":107}}]},"5":{"loc":{"start":{"line":27,"column":38},"end":{"line":27,"column":40}},"type":"default-arg","locations":[{"start":{"line":27,"column":38},"end":{"line":27,"column":40}}]},"6":{"loc":{"start":{"line":27,"column":61},"end":{"line":27,"column":65}},"type":"default-arg","locations":[{"start":{"line":27,"column":61},"end":{"line":27,"column":65}}]},"7":{"loc":{"start":{"line":28,"column":32},"end":{"line":28,"column":41}},"type":"cond-expr","locations":[{"start":{"line":28,"column":32},"end":{"line":28,"column":41}},{"start":{"line":28,"column":44},"end":{"line":28,"column":52}}]},"8":{"loc":{"start":{"line":33,"column":4},"end":{"line":46,"column":null}},"type":"if","locations":[{"start":{"line":33,"column":4},"end":{"line":46,"column":null}},{"start":{"line":33,"column":4},"end":{"line":46,"column":null}}]},"9":{"loc":{"start":{"line":35,"column":136},"end":{"line":35,"column":144}},"type":"cond-expr","locations":[{"start":{"line":35,"column":136},"end":{"line":35,"column":144}},{"start":{"line":35,"column":147},"end":{"line":35,"column":161}}]}},"s":{"0":2,"1":2,"2":2,"3":2,"4":19,"5":2,"6":6,"7":2,"8":3,"9":2,"10":4,"11":1,"12":2,"13":2},"f":{"0":19,"1":6,"2":3,"3":4},"b":{"0":[1],"1":[19],"2":[19,19],"3":[19,19],"4":[2],"5":[4],"6":[2],"7":[2,4],"8":[2,1],"9":[1,3]}}
,"D:\\Devs\\paper-vueify\\src\\model\\Shape.ts": {"path":"D:\\Devs\\paper-vueify\\src\\model\\Shape.ts","statementMap":{"0":{"start":{"line":2,"column":0},"end":{"line":2,"column":70}},"1":{"start":{"line":3,"column":0},"end":{"line":3,"column":134}},"2":{"start":{"line":12,"column":2},"end":{"line":12,"column":null}},"3":{"start":{"line":11,"column":0},"end":{"line":11,"column":16}},"4":{"start":{"line":17,"column":17},"end":{"line":17,"column":47}},"5":{"start":{"line":18,"column":16},"end":{"line":18,"column":18}},"6":{"start":{"line":19,"column":4},"end":{"line":19,"column":null}},"7":{"start":{"line":20,"column":4},"end":{"line":20,"column":null}},"8":{"start":{"line":21,"column":4},"end":{"line":21,"column":null}},"9":{"start":{"line":22,"column":4},"end":{"line":22,"column":null}},"10":{"start":{"line":26,"column":16},"end":{"line":26,"column":42}},"11":{"start":{"line":27,"column":4},"end":{"line":27,"column":null}},"12":{"start":{"line":31,"column":4},"end":{"line":31,"column":null}},"13":{"start":{"line":32,"column":4},"end":{"line":32,"column":null}},"14":{"start":{"line":15,"column":0},"end":{"line":15,"column":13}}},"fnMap":{"0":{"name":"ShapeItem","decl":{"start":{"line":11,"column":16},"end":{"line":11,"column":25}},"loc":{"start":{"line":11,"column":142},"end":{"line":13,"column":1}}},"1":{"name":"(anonymous_1)","decl":{"start":{"line":16,"column":12},"end":{"line":16,"column":24}},"loc":{"start":{"line":16,"column":49},"end":{"line":23,"column":3}}},"2":{"name":"(anonymous_2)","decl":{"start":{"line":25,"column":2},"end":{"line":25,"column":7}},"loc":{"start":{"line":25,"column":32},"end":{"line":28,"column":3}}},"3":{"name":"(anonymous_3)","decl":{"start":{"line":30,"column":2},"end":{"line":30,"column":8}},"loc":{"start":{"line":30,"column":33},"end":{"line":33,"column":3}}}},"branchMap":{"0":{"loc":{"start":{"line":11,"column":140},"end":{"line":11,"column":142}},"type":"default-arg","locations":[{"start":{"line":11,"column":140},"end":{"line":11,"column":142}}]},"1":{"loc":{"start":{"line":11,"column":50},"end":{"line":11,"column":62}},"type":"default-arg","locations":[{"start":{"line":11,"column":50},"end":{"line":11,"column":62}}]},"2":{"loc":{"start":{"line":11,"column":73},"end":{"line":11,"column":81}},"type":"default-arg","locations":[{"start":{"line":11,"column":73},"end":{"line":11,"column":81}}]},"3":{"loc":{"start":{"line":11,"column":92},"end":{"line":11,"column":100}},"type":"default-arg","locations":[{"start":{"line":11,"column":92},"end":{"line":11,"column":100}}]}},"s":{"0":3,"1":3,"2":8,"3":3,"4":1,"5":1,"6":1,"7":1,"8":1,"9":1,"10":1,"11":1,"12":0,"13":0,"14":3},"f":{"0":8,"1":1,"2":1,"3":0},"b":{"0":[1],"1":[6],"2":[7],"3":[7]}}
}
