TN:
SF:D:\Devs\paper-vueify\src\model\Graphic.ts
FN:5,(anonymous_0)
FN:6,FromSegment
FN:10,From
FN:16,(anonymous_3)
FN:24,(anonymous_4)
FN:24,(anonymous_5)
FNF:6
FNH:4
FNDA:1,(anonymous_0)
FNDA:4,FromSegment
FNDA:1,From
FNDA:4,(anonymous_3)
FNDA:0,(anonymous_4)
FNDA:0,(anonymous_5)
DA:1,1
DA:2,1
DA:3,1
DA:5,1
DA:7,4
DA:10,1
DA:11,1
DA:12,1
DA:13,1
DA:14,1
DA:15,1
DA:16,4
DA:23,0
DA:24,0
LF:14
LH:12
BRDA:14,0,0,1
BRDA:14,0,1,0
BRDA:5,1,0,1
BRDA:5,1,1,1
BRF:4
BRH:3
end_of_record
TN:
SF:D:\Devs\paper-vueify\src\model\IMap.ts
FN:1,(anonymous_0)
FN:5,(anonymous_1)
FN:10,(anonymous_2)
FN:14,(anonymous_3)
FN:18,(anonymous_4)
FNF:5
FNH:5
FNDA:5,(anonymous_0)
FNDA:8,(anonymous_1)
FNDA:1,(anonymous_2)
FNDA:6,(anonymous_3)
FNDA:2,(anonymous_4)
DA:2,5
DA:3,5
DA:6,8
DA:7,8
DA:11,1
DA:15,6
DA:19,2
DA:23,5
DA:25,5
LF:9
LH:9
BRF:0
BRH:0
end_of_record
TN:
SF:D:\Devs\paper-vueify\src\model\Item.ts
FN:12,PaperItem
FN:21,(anonymous_1)
FN:28,(anonymous_2)
FN:32,(anonymous_3)
FN:36,(anonymous_4)
FN:40,(anonymous_5)
FN:44,(anonymous_6)
FN:46,(anonymous_7)
FN:47,(anonymous_8)
FN:48,(anonymous_9)
FN:49,(anonymous_10)
FN:50,(anonymous_11)
FN:51,(anonymous_12)
FN:52,(anonymous_13)
FN:53,(anonymous_14)
FN:57,(anonymous_15)
FN:61,(anonymous_16)
FN:73,(anonymous_17)
FN:80,(anonymous_18)
FN:84,(anonymous_19)
FN:88,(anonymous_20)
FN:92,(anonymous_21)
FN:103,RegisterItemType
FN:109,GetItemTypename
FN:113,GetItemType
FNF:25
FNH:16
FNDA:10,PaperItem
FNDA:7,(anonymous_1)
FNDA:7,(anonymous_2)
FNDA:2,(anonymous_3)
FNDA:7,(anonymous_4)
FNDA:1,(anonymous_5)
FNDA:1,(anonymous_6)
FNDA:0,(anonymous_7)
FNDA:0,(anonymous_8)
FNDA:0,(anonymous_9)
FNDA:0,(anonymous_10)
FNDA:0,(anonymous_11)
FNDA:0,(anonymous_12)
FNDA:0,(anonymous_13)
FNDA:0,(anonymous_14)
FNDA:0,(anonymous_15)
FNDA:1,(anonymous_16)
FNDA:1,(anonymous_17)
FNDA:2,(anonymous_18)
FNDA:2,(anonymous_19)
FNDA:2,(anonymous_20)
FNDA:1,(anonymous_21)
FNDA:3,RegisterItemType
FNDA:2,GetItemTypename
FNDA:2,GetItemType
DA:1,4
DA:2,4
DA:3,4
DA:12,4
DA:13,10
DA:16,4
DA:19,7
DA:22,7
DA:23,7
DA:24,7
DA:29,7
DA:33,2
DA:37,7
DA:41,1
DA:45,1
DA:46,0
DA:47,0
DA:48,0
DA:49,0
DA:50,0
DA:51,0
DA:52,0
DA:53,0
DA:58,0
DA:62,1
DA:63,0
DA:65,1
DA:66,1
DA:67,1
DA:68,1
DA:69,1
DA:74,1
DA:75,1
DA:76,1
DA:77,1
DA:81,2
DA:85,2
DA:89,2
DA:93,1
DA:94,1
DA:99,4
DA:100,4
DA:101,4
DA:103,4
DA:104,3
DA:105,3
DA:106,3
DA:109,4
DA:110,2
DA:113,4
DA:114,2
LF:51
LH:41
BRDA:12,0,0,2
BRDA:12,1,0,10
BRDA:12,2,0,10
BRDA:12,3,0,10
BRDA:23,4,0,7
BRDA:23,4,1,0
BRDA:45,5,0,0
BRDA:45,5,1,1
BRDA:62,6,0,0
BRDA:62,6,1,1
BRDA:62,7,0,1
BRDA:62,7,1,1
BRDA:65,8,0,1
BRDA:65,8,1,0
BRF:14
BRH:10
end_of_record
TN:
SF:D:\Devs\paper-vueify\src\model\Path.ts
FN:12,Segment
FN:27,PathItem
FN:32,(anonymous_2)
FN:35,(anonymous_3)
FNF:4
FNH:4
FNDA:19,Segment
FNDA:6,PathItem
FNDA:3,(anonymous_2)
FNDA:4,(anonymous_3)
DA:1,2
DA:2,2
DA:3,2
DA:4,2
DA:12,2
DA:13,19
DA:27,2
DA:28,6
DA:31,2
DA:33,3
DA:34,2
DA:35,4
DA:40,1
DA:50,2
LF:14
LH:14
BRDA:12,0,0,1
BRDA:12,1,0,19
BRDA:13,2,0,19
BRDA:13,2,1,19
BRDA:13,3,0,19
BRDA:13,3,1,19
BRDA:27,4,0,2
BRDA:27,5,0,4
BRDA:27,6,0,2
BRDA:28,7,0,2
BRDA:28,7,1,4
BRDA:33,8,0,2
BRDA:33,8,1,1
BRDA:35,9,0,1
BRDA:35,9,1,3
BRF:15
BRH:15
end_of_record
TN:
SF:D:\Devs\paper-vueify\src\model\Shape.ts
FN:11,ShapeItem
FN:16,(anonymous_1)
FN:25,(anonymous_2)
FN:30,(anonymous_3)
FNF:4
FNH:3
FNDA:8,ShapeItem
FNDA:1,(anonymous_1)
FNDA:1,(anonymous_2)
FNDA:0,(anonymous_3)
DA:2,3
DA:3,3
DA:11,3
DA:12,8
DA:15,3
DA:17,1
DA:18,1
DA:19,1
DA:20,1
DA:21,1
DA:22,1
DA:26,1
DA:27,1
DA:31,0
DA:32,0
LF:15
LH:13
BRDA:11,0,0,1
BRDA:11,1,0,6
BRDA:11,2,0,7
BRDA:11,3,0,7
BRF:4
BRH:4
end_of_record
